<?xml version="1.0" encoding="UTF-8"?>
<testsuites name="S17_TC001-TC002" time="431.947" tests="4" failures="0" errors="0">
   <testsuite name="S17_TC001-TC002" tests="4" failures="0" errors="0" time="431.947" skipped="2" timestamp="2023-10-30 21:40:32" hostname="nasin - Testbits_Nas" id="Test Suites/Scenario 17/S17_TC001-TC002">
      <properties>
         <property name="deviceName" value=""/>
         <property name="devicePlatform" value=""/>
         <property name="logFolder" value="C:\\Users\\nasin\\git\\tb-ttap-brivge-v2\\Reports\\20231030_214013\\Scenario 17\\S17_TC001-TC002\\20231030_214013"/>
         <property name="logFiles" value="C:\\Users\\nasin\\git\\tb-ttap-brivge-v2\\Reports\\20231030_214013\\Scenario 17\\S17_TC001-TC002\\20231030_214013\\execution0.log"/>
         <property name="attachments" value="C:\\Users\\nasin\\git\\tb-ttap-brivge-v2\\Reports\\20231030_214013\\Scenario 17\\S17_TC001-TC002\\20231030_214013\\1698673548758.png, C:\\Users\\nasin\\git\\tb-ttap-brivge-v2\\Reports\\20231030_214013\\Scenario 17\\S17_TC001-TC002\\20231030_214013\\1698673549170.png, C:\\Users\\nasin\\git\\tb-ttap-brivge-v2\\Reports\\20231030_214013\\Scenario 17\\S17_TC001-TC002\\20231030_214013\\1698673648922.png, C:\\Users\\nasin\\git\\tb-ttap-brivge-v2\\Reports\\20231030_214013\\Scenario 17\\S17_TC001-TC002\\20231030_214013\\1698673649610.png"/>
         <property name="hostName" value="nasin - Testbits_Nas"/>
         <property name="os" value="Windows 11 64bit"/>
         <property name="katalonVersion" value="8.6.6.208"/>
         <property name="browser" value="Chrome 118.0.0.0"/>
         <property name="hostAddress" value="10.2.0.2"/>
         <property name="sessionId" value="6bb7f060fb0539a12999835f6b2ef33b"/>
         <property name="seleniumVersion" value="3.141.59"/>
         <property name="proxyInformation" value="ProxyInformation { proxyOption=NO_PROXY, proxyServerType=HTTP, username=, password=********, proxyServerAddress=, proxyServerPort=0, executionList=&quot;&quot;, isApplyToDesiredCapabilities=true }"/>
         <property name="platform" value="Windows 11"/>
      </properties>
      <testcase name="Test Cases/Scenario 17/S17_TC001- Customer Request Add New Part" time="123.035" classname="Test Cases/Scenario 17/S17_TC001- Customer Request Add New Part" status="PASSED">
         <system-out><![CDATA[2023-10-30 21:40:34 - [TEST_CASE][PASSED] - Test Cases/Scenario 17/S17_TC001- Customer Request Add New Part: Test Cases/Scenario 17/S17_TC001- Customer Request Add New Part

2023-10-30 21:40:37 - [TEST_STEP][PASSED] - Start listener action : beforeTestCase: null

2023-10-30 21:40:37 - [TEST_STEP][PASSED] - if (RETRY_COUNTER < MAX_RETRIES): null

2023-10-30 21:40:37 - [TEST_STEP][PASSED] - SKIP_REMAINING_TESTS = false: null

2023-10-30 21:40:38 - [TEST_STEP][PASSED] - callTestCase(findTestCase("0-Common/Login to Brivge"), ["url":BRIVGE_URL, "username":BAF_USERNAME_FATIN, "password":BAF_PWD, "verificationCode":VERIFICATION_CODE, "company":S17_BAF_CUS], STOP_ON_FAILURE): Call Test Case 'Test Cases/0-Common/Login to Brivge' successfully

2023-10-30 21:40:38 - [TEST_CASE][PASSED] - Test Cases/0-Common/Login to Brivge: Test Cases/0-Common/Login to Brivge

2023-10-30 21:40:39 - [TEST_STEP][PASSED] - openBrowser(""): Browser is opened with url: ''

2023-10-30 21:40:39 - [MESSAGE][INFO] - Starting 'Chrome' driver

2023-10-30 21:40:39 - [MESSAGE][INFO] - User set preference: ['prefs', '{download.default_directory=C:\Katalon_Downloads}']

2023-10-30 21:40:39 - [MESSAGE][INFO] - Action delay is set to 0 milliseconds

2023-10-30 21:40:45 - [MESSAGE][PASSED] - Browser is opened with url: ''

2023-10-30 21:40:45 - [TEST_STEP][PASSED] - maximizeWindow(): Current window maximized

2023-10-30 21:40:45 - [MESSAGE][PASSED] - Current window maximized

2023-10-30 21:40:45 - [TEST_STEP][PASSED] - navigateToUrl(url): Navigate to 'https://st.brivge.com/' successfully

2023-10-30 21:41:08 - [MESSAGE][PASSED] - Navigate to 'https://st.brivge.com/' successfully

2023-10-30 21:41:08 - [TEST_STEP][PASSED] - setText(findTestObject("LoginPage_Brivge/input_Sign In_username"), username): Text 'nurfatin-baf' is set on object 'Object Repository/LoginPage_Brivge/input_Sign In_username'

2023-10-30 21:41:09 - [MESSAGE][PASSED] - Text 'nurfatin-baf' is set on object 'Object Repository/LoginPage_Brivge/input_Sign In_username'

2023-10-30 21:41:09 - [TEST_STEP][PASSED] - setEncryptedText(findTestObject("LoginPage_Brivge/input_Sign In_password"), password): Text ****** has been set on object 'Object Repository/LoginPage_Brivge/input_Sign In_password'

2023-10-30 21:41:10 - [MESSAGE][PASSED] - Text ****** has been set on object 'Object Repository/LoginPage_Brivge/input_Sign In_password'

2023-10-30 21:41:10 - [TEST_STEP][PASSED] - click(findTestObject("LoginPage_Brivge/button_Sign In")): Object: 'Object Repository/LoginPage_Brivge/button_Sign In' is clicked on

2023-10-30 21:41:10 - [MESSAGE][PASSED] - Object: 'Object Repository/LoginPage_Brivge/button_Sign In' is clicked on

2023-10-30 21:41:10 - [TEST_STEP][PASSED] - setEncryptedText(findTestObject("LoginPage_Brivge/input_Verify_verificationCode"), verificationCode): Text ****** has been set on object 'Object Repository/LoginPage_Brivge/input_Verify_verificationCode'

2023-10-30 21:41:11 - [MESSAGE][PASSED] - Text ****** has been set on object 'Object Repository/LoginPage_Brivge/input_Verify_verificationCode'

2023-10-30 21:41:11 - [TEST_STEP][PASSED] - click(findTestObject("LoginPage_Brivge/button_Verify")): Object: 'Object Repository/LoginPage_Brivge/button_Verify' is clicked on

2023-10-30 21:41:12 - [MESSAGE][PASSED] - Object: 'Object Repository/LoginPage_Brivge/button_Verify' is clicked on

2023-10-30 21:41:12 - [TEST_STEP][PASSED] - verifyElementPresent(findTestObject("Navbar_Brivge/p_UserLogin_Username", ["username":username]), 0): Object 'Object Repository/Navbar_Brivge/p_UserLogin_Username' is present

2023-10-30 21:41:13 - [MESSAGE][WARNING] - Timeout '0' is invalid. Using default page load timeout: '30'

2023-10-30 21:41:24 - [MESSAGE][PASSED] - Object 'Object Repository/Navbar_Brivge/p_UserLogin_Username' is present

2023-10-30 21:41:24 - [TEST_STEP][PASSED] - click(findTestObject("Navbar_Brivge/UserProfile_Brivge/button_UserProfile")): Object: 'Object Repository/Navbar_Brivge/UserProfile_Brivge/button_UserProfile' is clicked on

2023-10-30 21:41:24 - [MESSAGE][PASSED] - Object: 'Object Repository/Navbar_Brivge/UserProfile_Brivge/button_UserProfile' is clicked on

2023-10-30 21:41:24 - [TEST_STEP][PASSED] - click(findTestObject("Navbar_Brivge/UserProfile_Brivge/button_CompanyOptions")): Object: 'Object Repository/Navbar_Brivge/UserProfile_Brivge/button_CompanyOptions' is clicked on

2023-10-30 21:41:26 - [MESSAGE][PASSED] - Object: 'Object Repository/Navbar_Brivge/UserProfile_Brivge/button_CompanyOptions' is clicked on

2023-10-30 21:41:26 - [TEST_STEP][PASSED] - click(findTestObject("Navbar_Brivge/UserProfile_Brivge/li_Company", ["company":company])): Object: 'Object Repository/Navbar_Brivge/UserProfile_Brivge/li_Company' is clicked on

2023-10-30 21:41:27 - [MESSAGE][PASSED] - Object: 'Object Repository/Navbar_Brivge/UserProfile_Brivge/li_Company' is clicked on

2023-10-30 21:41:27 - [TEST_STEP][PASSED] - waitForPageLoad(0): Wait for page load successfully

2023-10-30 21:41:27 - [MESSAGE][WARNING] - Timeout '0' is invalid. Using default page load timeout: '30'

2023-10-30 21:41:27 - [MESSAGE][PASSED] - Wait for page load successfully

2023-10-30 21:41:27 - [MESSAGE][PASSED] - Call Test Case 'Test Cases/0-Common/Login to Brivge' successfully

2023-10-30 21:41:27 - [TEST_STEP][PASSED] - click(findTestObject("Scenario 13/S13_TC034/Page_Brivge/button_Master")): Object: 'Object Repository/Scenario 13/S13_TC034/Page_Brivge/button_Master' is clicked on

2023-10-30 21:41:37 - [MESSAGE][PASSED] - Object: 'Object Repository/Scenario 13/S13_TC034/Page_Brivge/button_Master' is clicked on

2023-10-30 21:41:37 - [TEST_STEP][PASSED] - click(findTestObject("Scenario 13/S13_TC034/Page_Brivge/li_Request Add New Part")): Object: 'Object Repository/Scenario 13/S13_TC034/Page_Brivge/li_Request Add New Part' is clicked on

2023-10-30 21:41:41 - [MESSAGE][PASSED] - Object: 'Object Repository/Scenario 13/S13_TC034/Page_Brivge/li_Request Add New Part' is clicked on

2023-10-30 21:41:41 - [TEST_STEP][PASSED] - click(findTestObject("Scenario 13/S13_TC034/Page_Brivge/input__requestTo")): Object: 'Object Repository/Scenario 13/S13_TC034/Page_Brivge/input__requestTo' is clicked on

2023-10-30 21:41:45 - [MESSAGE][PASSED] - Object: 'Object Repository/Scenario 13/S13_TC034/Page_Brivge/input__requestTo' is clicked on

2023-10-30 21:41:45 - [TEST_STEP][PASSED] - click(findTestObject("Scenario 13/S13_TC034/Page_Brivge/li_Request To", ["company":company])): Object: 'Object Repository/Scenario 13/S13_TC034/Page_Brivge/li_Request To' is clicked on

2023-10-30 21:41:46 - [MESSAGE][PASSED] - Object: 'Object Repository/Scenario 13/S13_TC034/Page_Brivge/li_Request To' is clicked on

2023-10-30 21:41:46 - [TEST_STEP][PASSED] - setText(findTestObject("Scenario 13/S13_TC034/Page_Brivge/input__description"), description): Text 's1730' is set on object 'Object Repository/Scenario 13/S13_TC034/Page_Brivge/input__description'

2023-10-30 21:41:47 - [MESSAGE][PASSED] - Text 's1730' is set on object 'Object Repository/Scenario 13/S13_TC034/Page_Brivge/input__description'

2023-10-30 21:41:47 - [TEST_STEP][PASSED] - click(findTestObject("Scenario 10/S10_TC005/button_Download")): Object: 'Object Repository/Scenario 10/S10_TC005/button_Download' is clicked on

2023-10-30 21:41:48 - [MESSAGE][PASSED] - Object: 'Object Repository/Scenario 10/S10_TC005/button_Download' is clicked on

2023-10-30 21:41:48 - [TEST_STEP][PASSED] - click(findTestObject("Scenario 10/S10_TC005/li_Download")): Object: 'Object Repository/Scenario 10/S10_TC005/li_Download' is clicked on

2023-10-30 21:41:48 - [MESSAGE][PASSED] - Object: 'Object Repository/Scenario 10/S10_TC005/li_Download' is clicked on

2023-10-30 21:41:48 - [TEST_STEP][PASSED] - verifyElementPresent(findTestObject("Scenario 10/S10_TC005/p_The operation was successful"), 0): Object 'Object Repository/Scenario 10/S10_TC005/p_The operation was successful' is present

2023-10-30 21:41:48 - [MESSAGE][WARNING] - Timeout '0' is invalid. Using default page load timeout: '30'

2023-10-30 21:41:51 - [MESSAGE][PASSED] - Object 'Object Repository/Scenario 10/S10_TC005/p_The operation was successful' is present

2023-10-30 21:41:51 - [TEST_STEP][PASSED] - delay(2): Delayed 2 second(s)

2023-10-30 21:41:53 - [MESSAGE][PASSED] - Delayed 2 second(s)

2023-10-30 21:41:53 - [TEST_STEP][PASSED] - downloadedExcel = ManageFiles.getLatestFileFromDirectory("excel"): ManageFiles.getLatestFileFromDirectory is PASSED

2023-10-30 21:41:54 - [MESSAGE][INFO] - Latest Excel File In Directory: C:\Katalon_Downloads\Request To Parts Master.20231030214151.xlsx

2023-10-30 21:41:54 - [MESSAGE][PASSED] - ManageFiles.getLatestFileFromDirectory is PASSED

2023-10-30 21:41:54 - [TEST_STEP][PASSED] - callTestCase(findTestCase("0-Common/Common-Scenario 17/S17_Cmn1-Write Info into Form Excel"), ["datafile":datafile, "fileColumns":fileColumns, "startRowFormMinusOne":startRowFormMinusOne, "downloadedFormPath":downloadedExcel, ... ], STOP_ON_FAILURE): Call Test Case 'Test Cases/0-Common/Common-Scenario 17/S17_Cmn1-Write Info into Form Excel' successfully

2023-10-30 21:41:54 - [TEST_CASE][PASSED] - Test Cases/0-Common/Common-Scenario 17/S17_Cmn1-Write Info into Form Excel: Test Cases/0-Common/Common-Scenario 17/S17_Cmn1-Write Info into Form Excel

2023-10-30 21:41:54 - [TEST_STEP][PASSED] - for (def index : (1..datafile.getRowNumbers())): copyToExcel.exel4 is PASSED

2023-10-30 21:41:54 - [TEST_STEP][PASSED] - for (def pair : fileColumns): copyToExcel.exel4 is PASSED

2023-10-30 21:41:54 - [TEST_STEP][PASSED] - columnName = key: null

2023-10-30 21:41:54 - [TEST_STEP][PASSED] - columnIndex = value: null

2023-10-30 21:41:54 - [TEST_STEP][PASSED] - dataValue = datafile.getValue(columnName, index): null

2023-10-30 21:41:54 - [TEST_STEP][PASSED] - copyToExcel.exel4(dataValue, index + startRowFormMinusOne, columnIndex, downloadedFormPath, downloadedFormSheetname): copyToExcel.exel4 is PASSED

2023-10-30 21:41:56 - [MESSAGE][PASSED] - copyToExcel.exel4 is PASSED

2023-10-30 21:41:56 - [TEST_STEP][PASSED] - columnName = key: null

2023-10-30 21:41:56 - [TEST_STEP][PASSED] - columnIndex = value: null

2023-10-30 21:41:56 - [TEST_STEP][PASSED] - dataValue = datafile.getValue(columnName, index): null

2023-10-30 21:41:56 - [TEST_STEP][PASSED] - copyToExcel.exel4(dataValue, index + startRowFormMinusOne, columnIndex, downloadedFormPath, downloadedFormSheetname): copyToExcel.exel4 is PASSED

2023-10-30 21:41:56 - [MESSAGE][PASSED] - copyToExcel.exel4 is PASSED

2023-10-30 21:41:56 - [TEST_STEP][PASSED] - columnName = key: null

2023-10-30 21:41:56 - [TEST_STEP][PASSED] - columnIndex = value: null

2023-10-30 21:41:56 - [TEST_STEP][PASSED] - dataValue = datafile.getValue(columnName, index): null

2023-10-30 21:41:56 - [TEST_STEP][PASSED] - copyToExcel.exel4(dataValue, index + startRowFormMinusOne, columnIndex, downloadedFormPath, downloadedFormSheetname): copyToExcel.exel4 is PASSED

2023-10-30 21:41:57 - [MESSAGE][PASSED] - copyToExcel.exel4 is PASSED

2023-10-30 21:41:57 - [TEST_STEP][PASSED] - columnName = key: null

2023-10-30 21:41:57 - [TEST_STEP][PASSED] - columnIndex = value: null

2023-10-30 21:41:57 - [TEST_STEP][PASSED] - dataValue = datafile.getValue(columnName, index): null

2023-10-30 21:41:57 - [TEST_STEP][PASSED] - copyToExcel.exel4(dataValue, index + startRowFormMinusOne, columnIndex, downloadedFormPath, downloadedFormSheetname): copyToExcel.exel4 is PASSED

2023-10-30 21:41:57 - [MESSAGE][PASSED] - copyToExcel.exel4 is PASSED

2023-10-30 21:41:57 - [TEST_STEP][PASSED] - columnName = key: null

2023-10-30 21:41:57 - [TEST_STEP][PASSED] - columnIndex = value: null

2023-10-30 21:41:57 - [TEST_STEP][PASSED] - dataValue = datafile.getValue(columnName, index): null

2023-10-30 21:41:57 - [TEST_STEP][PASSED] - copyToExcel.exel4(dataValue, index + startRowFormMinusOne, columnIndex, downloadedFormPath, downloadedFormSheetname): copyToExcel.exel4 is PASSED

2023-10-30 21:41:57 - [MESSAGE][PASSED] - copyToExcel.exel4 is PASSED

2023-10-30 21:41:57 - [TEST_STEP][PASSED] - columnName = key: null

2023-10-30 21:41:57 - [TEST_STEP][PASSED] - columnIndex = value: null

2023-10-30 21:41:57 - [TEST_STEP][PASSED] - dataValue = datafile.getValue(columnName, index): null

2023-10-30 21:41:57 - [TEST_STEP][PASSED] - copyToExcel.exel4(dataValue, index + startRowFormMinusOne, columnIndex, downloadedFormPath, downloadedFormSheetname): copyToExcel.exel4 is PASSED

2023-10-30 21:41:58 - [MESSAGE][PASSED] - copyToExcel.exel4 is PASSED

2023-10-30 21:41:58 - [TEST_STEP][PASSED] - columnName = key: null

2023-10-30 21:41:58 - [TEST_STEP][PASSED] - columnIndex = value: null

2023-10-30 21:41:58 - [TEST_STEP][PASSED] - dataValue = datafile.getValue(columnName, index): null

2023-10-30 21:41:58 - [TEST_STEP][PASSED] - copyToExcel.exel4(dataValue, index + startRowFormMinusOne, columnIndex, downloadedFormPath, downloadedFormSheetname): copyToExcel.exel4 is PASSED

2023-10-30 21:41:58 - [MESSAGE][PASSED] - copyToExcel.exel4 is PASSED

2023-10-30 21:41:58 - [TEST_STEP][PASSED] - columnName = key: null

2023-10-30 21:41:58 - [TEST_STEP][PASSED] - columnIndex = value: null

2023-10-30 21:41:58 - [TEST_STEP][PASSED] - dataValue = datafile.getValue(columnName, index): null

2023-10-30 21:41:58 - [TEST_STEP][PASSED] - copyToExcel.exel4(dataValue, index + startRowFormMinusOne, columnIndex, downloadedFormPath, downloadedFormSheetname): copyToExcel.exel4 is PASSED

2023-10-30 21:41:58 - [MESSAGE][PASSED] - copyToExcel.exel4 is PASSED

2023-10-30 21:41:58 - [TEST_STEP][PASSED] - columnName = key: null

2023-10-30 21:41:58 - [TEST_STEP][PASSED] - columnIndex = value: null

2023-10-30 21:41:58 - [TEST_STEP][PASSED] - dataValue = datafile.getValue(columnName, index): null

2023-10-30 21:41:58 - [TEST_STEP][PASSED] - copyToExcel.exel4(dataValue, index + startRowFormMinusOne, columnIndex, downloadedFormPath, downloadedFormSheetname): copyToExcel.exel4 is PASSED

2023-10-30 21:41:58 - [MESSAGE][PASSED] - copyToExcel.exel4 is PASSED

2023-10-30 21:41:58 - [TEST_STEP][PASSED] - columnName = key: null

2023-10-30 21:41:58 - [TEST_STEP][PASSED] - columnIndex = value: null

2023-10-30 21:41:58 - [TEST_STEP][PASSED] - dataValue = datafile.getValue(columnName, index): null

2023-10-30 21:41:58 - [TEST_STEP][PASSED] - copyToExcel.exel4(dataValue, index + startRowFormMinusOne, columnIndex, downloadedFormPath, downloadedFormSheetname): copyToExcel.exel4 is PASSED

2023-10-30 21:41:59 - [MESSAGE][PASSED] - copyToExcel.exel4 is PASSED

2023-10-30 21:41:59 - [TEST_STEP][PASSED] - columnName = key: null

2023-10-30 21:41:59 - [TEST_STEP][PASSED] - columnIndex = value: null

2023-10-30 21:41:59 - [TEST_STEP][PASSED] - dataValue = datafile.getValue(columnName, index): null

2023-10-30 21:41:59 - [TEST_STEP][PASSED] - copyToExcel.exel4(dataValue, index + startRowFormMinusOne, columnIndex, downloadedFormPath, downloadedFormSheetname): copyToExcel.exel4 is PASSED

2023-10-30 21:41:59 - [MESSAGE][PASSED] - copyToExcel.exel4 is PASSED

2023-10-30 21:41:59 - [TEST_STEP][PASSED] - columnName = key: null

2023-10-30 21:41:59 - [TEST_STEP][PASSED] - columnIndex = value: null

2023-10-30 21:41:59 - [TEST_STEP][PASSED] - dataValue = datafile.getValue(columnName, index): null

2023-10-30 21:41:59 - [TEST_STEP][PASSED] - copyToExcel.exel4(dataValue, index + startRowFormMinusOne, columnIndex, downloadedFormPath, downloadedFormSheetname): copyToExcel.exel4 is PASSED

2023-10-30 21:41:59 - [MESSAGE][PASSED] - copyToExcel.exel4 is PASSED

2023-10-30 21:41:59 - [TEST_STEP][PASSED] - columnName = key: null

2023-10-30 21:41:59 - [TEST_STEP][PASSED] - columnIndex = value: null

2023-10-30 21:41:59 - [TEST_STEP][PASSED] - dataValue = datafile.getValue(columnName, index): null

2023-10-30 21:41:59 - [TEST_STEP][PASSED] - copyToExcel.exel4(dataValue, index + startRowFormMinusOne, columnIndex, downloadedFormPath, downloadedFormSheetname): copyToExcel.exel4 is PASSED

2023-10-30 21:41:59 - [MESSAGE][PASSED] - copyToExcel.exel4 is PASSED

2023-10-30 21:41:59 - [TEST_STEP][PASSED] - columnName = key: null

2023-10-30 21:41:59 - [TEST_STEP][PASSED] - columnIndex = value: null

2023-10-30 21:41:59 - [TEST_STEP][PASSED] - dataValue = datafile.getValue(columnName, index): null

2023-10-30 21:41:59 - [TEST_STEP][PASSED] - copyToExcel.exel4(dataValue, index + startRowFormMinusOne, columnIndex, downloadedFormPath, downloadedFormSheetname): copyToExcel.exel4 is PASSED

2023-10-30 21:41:59 - [MESSAGE][PASSED] - copyToExcel.exel4 is PASSED

2023-10-30 21:41:59 - [TEST_STEP][PASSED] - columnName = key: null

2023-10-30 21:41:59 - [TEST_STEP][PASSED] - columnIndex = value: null

2023-10-30 21:42:00 - [TEST_STEP][PASSED] - dataValue = datafile.getValue(columnName, index): null

2023-10-30 21:42:00 - [TEST_STEP][PASSED] - copyToExcel.exel4(dataValue, index + startRowFormMinusOne, columnIndex, downloadedFormPath, downloadedFormSheetname): copyToExcel.exel4 is PASSED

2023-10-30 21:42:00 - [MESSAGE][PASSED] - copyToExcel.exel4 is PASSED

2023-10-30 21:42:00 - [TEST_STEP][PASSED] - columnName = key: null

2023-10-30 21:42:00 - [TEST_STEP][PASSED] - columnIndex = value: null

2023-10-30 21:42:00 - [TEST_STEP][PASSED] - dataValue = datafile.getValue(columnName, index): null

2023-10-30 21:42:00 - [TEST_STEP][PASSED] - copyToExcel.exel4(dataValue, index + startRowFormMinusOne, columnIndex, downloadedFormPath, downloadedFormSheetname): copyToExcel.exel4 is PASSED

2023-10-30 21:42:00 - [MESSAGE][PASSED] - copyToExcel.exel4 is PASSED

2023-10-30 21:42:00 - [TEST_STEP][PASSED] - for (def pair : fileColumns): copyToExcel.exel4 is PASSED

2023-10-30 21:42:00 - [TEST_STEP][PASSED] - columnName = key: null

2023-10-30 21:42:00 - [TEST_STEP][PASSED] - columnIndex = value: null

2023-10-30 21:42:00 - [TEST_STEP][PASSED] - dataValue = datafile.getValue(columnName, index): null

2023-10-30 21:42:00 - [TEST_STEP][PASSED] - copyToExcel.exel4(dataValue, index + startRowFormMinusOne, columnIndex, downloadedFormPath, downloadedFormSheetname): copyToExcel.exel4 is PASSED

2023-10-30 21:42:00 - [MESSAGE][PASSED] - copyToExcel.exel4 is PASSED

2023-10-30 21:42:00 - [TEST_STEP][PASSED] - columnName = key: null

2023-10-30 21:42:00 - [TEST_STEP][PASSED] - columnIndex = value: null

2023-10-30 21:42:00 - [TEST_STEP][PASSED] - dataValue = datafile.getValue(columnName, index): null

2023-10-30 21:42:00 - [TEST_STEP][PASSED] - copyToExcel.exel4(dataValue, index + startRowFormMinusOne, columnIndex, downloadedFormPath, downloadedFormSheetname): copyToExcel.exel4 is PASSED

2023-10-30 21:42:00 - [MESSAGE][PASSED] - copyToExcel.exel4 is PASSED

2023-10-30 21:42:00 - [TEST_STEP][PASSED] - columnName = key: null

2023-10-30 21:42:00 - [TEST_STEP][PASSED] - columnIndex = value: null

2023-10-30 21:42:00 - [TEST_STEP][PASSED] - dataValue = datafile.getValue(columnName, index): null

2023-10-30 21:42:00 - [TEST_STEP][PASSED] - copyToExcel.exel4(dataValue, index + startRowFormMinusOne, columnIndex, downloadedFormPath, downloadedFormSheetname): copyToExcel.exel4 is PASSED

2023-10-30 21:42:01 - [MESSAGE][PASSED] - copyToExcel.exel4 is PASSED

2023-10-30 21:42:01 - [TEST_STEP][PASSED] - columnName = key: null

2023-10-30 21:42:01 - [TEST_STEP][PASSED] - columnIndex = value: null

2023-10-30 21:42:01 - [TEST_STEP][PASSED] - dataValue = datafile.getValue(columnName, index): null

2023-10-30 21:42:01 - [TEST_STEP][PASSED] - copyToExcel.exel4(dataValue, index + startRowFormMinusOne, columnIndex, downloadedFormPath, downloadedFormSheetname): copyToExcel.exel4 is PASSED

2023-10-30 21:42:01 - [MESSAGE][PASSED] - copyToExcel.exel4 is PASSED

2023-10-30 21:42:01 - [TEST_STEP][PASSED] - columnName = key: null

2023-10-30 21:42:01 - [TEST_STEP][PASSED] - columnIndex = value: null

2023-10-30 21:42:01 - [TEST_STEP][PASSED] - dataValue = datafile.getValue(columnName, index): null

2023-10-30 21:42:01 - [TEST_STEP][PASSED] - copyToExcel.exel4(dataValue, index + startRowFormMinusOne, columnIndex, downloadedFormPath, downloadedFormSheetname): copyToExcel.exel4 is PASSED

2023-10-30 21:42:01 - [MESSAGE][PASSED] - copyToExcel.exel4 is PASSED

2023-10-30 21:42:01 - [TEST_STEP][PASSED] - columnName = key: null

2023-10-30 21:42:01 - [TEST_STEP][PASSED] - columnIndex = value: null

2023-10-30 21:42:01 - [TEST_STEP][PASSED] - dataValue = datafile.getValue(columnName, index): null

2023-10-30 21:42:01 - [TEST_STEP][PASSED] - copyToExcel.exel4(dataValue, index + startRowFormMinusOne, columnIndex, downloadedFormPath, downloadedFormSheetname): copyToExcel.exel4 is PASSED

2023-10-30 21:42:01 - [MESSAGE][PASSED] - copyToExcel.exel4 is PASSED

2023-10-30 21:42:01 - [TEST_STEP][PASSED] - columnName = key: null

2023-10-30 21:42:01 - [TEST_STEP][PASSED] - columnIndex = value: null

2023-10-30 21:42:01 - [TEST_STEP][PASSED] - dataValue = datafile.getValue(columnName, index): null

2023-10-30 21:42:01 - [TEST_STEP][PASSED] - copyToExcel.exel4(dataValue, index + startRowFormMinusOne, columnIndex, downloadedFormPath, downloadedFormSheetname): copyToExcel.exel4 is PASSED

2023-10-30 21:42:02 - [MESSAGE][PASSED] - copyToExcel.exel4 is PASSED

2023-10-30 21:42:02 - [TEST_STEP][PASSED] - columnName = key: null

2023-10-30 21:42:02 - [TEST_STEP][PASSED] - columnIndex = value: null

2023-10-30 21:42:02 - [TEST_STEP][PASSED] - dataValue = datafile.getValue(columnName, index): null

2023-10-30 21:42:02 - [TEST_STEP][PASSED] - copyToExcel.exel4(dataValue, index + startRowFormMinusOne, columnIndex, downloadedFormPath, downloadedFormSheetname): copyToExcel.exel4 is PASSED

2023-10-30 21:42:02 - [MESSAGE][PASSED] - copyToExcel.exel4 is PASSED

2023-10-30 21:42:02 - [TEST_STEP][PASSED] - columnName = key: null

2023-10-30 21:42:02 - [TEST_STEP][PASSED] - columnIndex = value: null

2023-10-30 21:42:02 - [TEST_STEP][PASSED] - dataValue = datafile.getValue(columnName, index): null

2023-10-30 21:42:02 - [TEST_STEP][PASSED] - copyToExcel.exel4(dataValue, index + startRowFormMinusOne, columnIndex, downloadedFormPath, downloadedFormSheetname): copyToExcel.exel4 is PASSED

2023-10-30 21:42:02 - [MESSAGE][PASSED] - copyToExcel.exel4 is PASSED

2023-10-30 21:42:02 - [TEST_STEP][PASSED] - columnName = key: null

2023-10-30 21:42:02 - [TEST_STEP][PASSED] - columnIndex = value: null

2023-10-30 21:42:02 - [TEST_STEP][PASSED] - dataValue = datafile.getValue(columnName, index): null

2023-10-30 21:42:02 - [TEST_STEP][PASSED] - copyToExcel.exel4(dataValue, index + startRowFormMinusOne, columnIndex, downloadedFormPath, downloadedFormSheetname): copyToExcel.exel4 is PASSED

2023-10-30 21:42:02 - [MESSAGE][PASSED] - copyToExcel.exel4 is PASSED

2023-10-30 21:42:02 - [TEST_STEP][PASSED] - columnName = key: null

2023-10-30 21:42:02 - [TEST_STEP][PASSED] - columnIndex = value: null

2023-10-30 21:42:02 - [TEST_STEP][PASSED] - dataValue = datafile.getValue(columnName, index): null

2023-10-30 21:42:02 - [TEST_STEP][PASSED] - copyToExcel.exel4(dataValue, index + startRowFormMinusOne, columnIndex, downloadedFormPath, downloadedFormSheetname): copyToExcel.exel4 is PASSED

2023-10-30 21:42:02 - [MESSAGE][PASSED] - copyToExcel.exel4 is PASSED

2023-10-30 21:42:02 - [TEST_STEP][PASSED] - columnName = key: null

2023-10-30 21:42:02 - [TEST_STEP][PASSED] - columnIndex = value: null

2023-10-30 21:42:02 - [TEST_STEP][PASSED] - dataValue = datafile.getValue(columnName, index): null

2023-10-30 21:42:02 - [TEST_STEP][PASSED] - copyToExcel.exel4(dataValue, index + startRowFormMinusOne, columnIndex, downloadedFormPath, downloadedFormSheetname): copyToExcel.exel4 is PASSED

2023-10-30 21:42:02 - [MESSAGE][PASSED] - copyToExcel.exel4 is PASSED

2023-10-30 21:42:02 - [TEST_STEP][PASSED] - columnName = key: null

2023-10-30 21:42:02 - [TEST_STEP][PASSED] - columnIndex = value: null

2023-10-30 21:42:02 - [TEST_STEP][PASSED] - dataValue = datafile.getValue(columnName, index): null

2023-10-30 21:42:02 - [TEST_STEP][PASSED] - copyToExcel.exel4(dataValue, index + startRowFormMinusOne, columnIndex, downloadedFormPath, downloadedFormSheetname): copyToExcel.exel4 is PASSED

2023-10-30 21:42:03 - [MESSAGE][PASSED] - copyToExcel.exel4 is PASSED

2023-10-30 21:42:03 - [TEST_STEP][PASSED] - columnName = key: null

2023-10-30 21:42:03 - [TEST_STEP][PASSED] - columnIndex = value: null

2023-10-30 21:42:03 - [TEST_STEP][PASSED] - dataValue = datafile.getValue(columnName, index): null

2023-10-30 21:42:03 - [TEST_STEP][PASSED] - copyToExcel.exel4(dataValue, index + startRowFormMinusOne, columnIndex, downloadedFormPath, downloadedFormSheetname): copyToExcel.exel4 is PASSED

2023-10-30 21:42:03 - [MESSAGE][PASSED] - copyToExcel.exel4 is PASSED

2023-10-30 21:42:03 - [TEST_STEP][PASSED] - columnName = key: null

2023-10-30 21:42:03 - [TEST_STEP][PASSED] - columnIndex = value: null

2023-10-30 21:42:03 - [TEST_STEP][PASSED] - dataValue = datafile.getValue(columnName, index): null

2023-10-30 21:42:03 - [TEST_STEP][PASSED] - copyToExcel.exel4(dataValue, index + startRowFormMinusOne, columnIndex, downloadedFormPath, downloadedFormSheetname): copyToExcel.exel4 is PASSED

2023-10-30 21:42:03 - [MESSAGE][PASSED] - copyToExcel.exel4 is PASSED

2023-10-30 21:42:03 - [TEST_STEP][PASSED] - columnName = key: null

2023-10-30 21:42:03 - [TEST_STEP][PASSED] - columnIndex = value: null

2023-10-30 21:42:03 - [TEST_STEP][PASSED] - dataValue = datafile.getValue(columnName, index): null

2023-10-30 21:42:03 - [TEST_STEP][PASSED] - copyToExcel.exel4(dataValue, index + startRowFormMinusOne, columnIndex, downloadedFormPath, downloadedFormSheetname): copyToExcel.exel4 is PASSED

2023-10-30 21:42:03 - [MESSAGE][PASSED] - copyToExcel.exel4 is PASSED

2023-10-30 21:42:03 - [TEST_STEP][PASSED] - for (def pair : fileColumns): copyToExcel.exel4 is PASSED

2023-10-30 21:42:03 - [TEST_STEP][PASSED] - columnName = key: null

2023-10-30 21:42:03 - [TEST_STEP][PASSED] - columnIndex = value: null

2023-10-30 21:42:03 - [TEST_STEP][PASSED] - dataValue = datafile.getValue(columnName, index): null

2023-10-30 21:42:03 - [TEST_STEP][PASSED] - copyToExcel.exel4(dataValue, index + startRowFormMinusOne, columnIndex, downloadedFormPath, downloadedFormSheetname): copyToExcel.exel4 is PASSED

2023-10-30 21:42:03 - [MESSAGE][PASSED] - copyToExcel.exel4 is PASSED

2023-10-30 21:42:03 - [TEST_STEP][PASSED] - columnName = key: null

2023-10-30 21:42:03 - [TEST_STEP][PASSED] - columnIndex = value: null

2023-10-30 21:42:03 - [TEST_STEP][PASSED] - dataValue = datafile.getValue(columnName, index): null

2023-10-30 21:42:03 - [TEST_STEP][PASSED] - copyToExcel.exel4(dataValue, index + startRowFormMinusOne, columnIndex, downloadedFormPath, downloadedFormSheetname): copyToExcel.exel4 is PASSED

2023-10-30 21:42:04 - [MESSAGE][PASSED] - copyToExcel.exel4 is PASSED

2023-10-30 21:42:04 - [TEST_STEP][PASSED] - columnName = key: null

2023-10-30 21:42:04 - [TEST_STEP][PASSED] - columnIndex = value: null

2023-10-30 21:42:04 - [TEST_STEP][PASSED] - dataValue = datafile.getValue(columnName, index): null

2023-10-30 21:42:04 - [TEST_STEP][PASSED] - copyToExcel.exel4(dataValue, index + startRowFormMinusOne, columnIndex, downloadedFormPath, downloadedFormSheetname): copyToExcel.exel4 is PASSED

2023-10-30 21:42:04 - [MESSAGE][PASSED] - copyToExcel.exel4 is PASSED

2023-10-30 21:42:04 - [TEST_STEP][PASSED] - columnName = key: null

2023-10-30 21:42:04 - [TEST_STEP][PASSED] - columnIndex = value: null

2023-10-30 21:42:04 - [TEST_STEP][PASSED] - dataValue = datafile.getValue(columnName, index): null

2023-10-30 21:42:04 - [TEST_STEP][PASSED] - copyToExcel.exel4(dataValue, index + startRowFormMinusOne, columnIndex, downloadedFormPath, downloadedFormSheetname): copyToExcel.exel4 is PASSED

2023-10-30 21:42:04 - [MESSAGE][PASSED] - copyToExcel.exel4 is PASSED

2023-10-30 21:42:04 - [TEST_STEP][PASSED] - columnName = key: null

2023-10-30 21:42:04 - [TEST_STEP][PASSED] - columnIndex = value: null

2023-10-30 21:42:04 - [TEST_STEP][PASSED] - dataValue = datafile.getValue(columnName, index): null

2023-10-30 21:42:04 - [TEST_STEP][PASSED] - copyToExcel.exel4(dataValue, index + startRowFormMinusOne, columnIndex, downloadedFormPath, downloadedFormSheetname): copyToExcel.exel4 is PASSED

2023-10-30 21:42:04 - [MESSAGE][PASSED] - copyToExcel.exel4 is PASSED

2023-10-30 21:42:04 - [TEST_STEP][PASSED] - columnName = key: null

2023-10-30 21:42:04 - [TEST_STEP][PASSED] - columnIndex = value: null

2023-10-30 21:42:04 - [TEST_STEP][PASSED] - dataValue = datafile.getValue(columnName, index): null

2023-10-30 21:42:04 - [TEST_STEP][PASSED] - copyToExcel.exel4(dataValue, index + startRowFormMinusOne, columnIndex, downloadedFormPath, downloadedFormSheetname): copyToExcel.exel4 is PASSED

2023-10-30 21:42:04 - [MESSAGE][PASSED] - copyToExcel.exel4 is PASSED

2023-10-30 21:42:04 - [TEST_STEP][PASSED] - columnName = key: null

2023-10-30 21:42:04 - [TEST_STEP][PASSED] - columnIndex = value: null

2023-10-30 21:42:04 - [TEST_STEP][PASSED] - dataValue = datafile.getValue(columnName, index): null

2023-10-30 21:42:04 - [TEST_STEP][PASSED] - copyToExcel.exel4(dataValue, index + startRowFormMinusOne, columnIndex, downloadedFormPath, downloadedFormSheetname): copyToExcel.exel4 is PASSED

2023-10-30 21:42:05 - [MESSAGE][PASSED] - copyToExcel.exel4 is PASSED

2023-10-30 21:42:05 - [TEST_STEP][PASSED] - columnName = key: null

2023-10-30 21:42:05 - [TEST_STEP][PASSED] - columnIndex = value: null

2023-10-30 21:42:05 - [TEST_STEP][PASSED] - dataValue = datafile.getValue(columnName, index): null

2023-10-30 21:42:05 - [TEST_STEP][PASSED] - copyToExcel.exel4(dataValue, index + startRowFormMinusOne, columnIndex, downloadedFormPath, downloadedFormSheetname): copyToExcel.exel4 is PASSED

2023-10-30 21:42:05 - [MESSAGE][PASSED] - copyToExcel.exel4 is PASSED

2023-10-30 21:42:05 - [TEST_STEP][PASSED] - columnName = key: null

2023-10-30 21:42:05 - [TEST_STEP][PASSED] - columnIndex = value: null

2023-10-30 21:42:05 - [TEST_STEP][PASSED] - dataValue = datafile.getValue(columnName, index): null

2023-10-30 21:42:05 - [TEST_STEP][PASSED] - copyToExcel.exel4(dataValue, index + startRowFormMinusOne, columnIndex, downloadedFormPath, downloadedFormSheetname): copyToExcel.exel4 is PASSED

2023-10-30 21:42:05 - [MESSAGE][PASSED] - copyToExcel.exel4 is PASSED

2023-10-30 21:42:05 - [TEST_STEP][PASSED] - columnName = key: null

2023-10-30 21:42:05 - [TEST_STEP][PASSED] - columnIndex = value: null

2023-10-30 21:42:05 - [TEST_STEP][PASSED] - dataValue = datafile.getValue(columnName, index): null

2023-10-30 21:42:05 - [TEST_STEP][PASSED] - copyToExcel.exel4(dataValue, index + startRowFormMinusOne, columnIndex, downloadedFormPath, downloadedFormSheetname): copyToExcel.exel4 is PASSED

2023-10-30 21:42:05 - [MESSAGE][PASSED] - copyToExcel.exel4 is PASSED

2023-10-30 21:42:05 - [TEST_STEP][PASSED] - columnName = key: null

2023-10-30 21:42:05 - [TEST_STEP][PASSED] - columnIndex = value: null

2023-10-30 21:42:05 - [TEST_STEP][PASSED] - dataValue = datafile.getValue(columnName, index): null

2023-10-30 21:42:05 - [TEST_STEP][PASSED] - copyToExcel.exel4(dataValue, index + startRowFormMinusOne, columnIndex, downloadedFormPath, downloadedFormSheetname): copyToExcel.exel4 is PASSED

2023-10-30 21:42:06 - [MESSAGE][PASSED] - copyToExcel.exel4 is PASSED

2023-10-30 21:42:06 - [TEST_STEP][PASSED] - columnName = key: null

2023-10-30 21:42:06 - [TEST_STEP][PASSED] - columnIndex = value: null

2023-10-30 21:42:06 - [TEST_STEP][PASSED] - dataValue = datafile.getValue(columnName, index): null

2023-10-30 21:42:06 - [TEST_STEP][PASSED] - copyToExcel.exel4(dataValue, index + startRowFormMinusOne, columnIndex, downloadedFormPath, downloadedFormSheetname): copyToExcel.exel4 is PASSED

2023-10-30 21:42:06 - [MESSAGE][PASSED] - copyToExcel.exel4 is PASSED

2023-10-30 21:42:06 - [TEST_STEP][PASSED] - columnName = key: null

2023-10-30 21:42:06 - [TEST_STEP][PASSED] - columnIndex = value: null

2023-10-30 21:42:06 - [TEST_STEP][PASSED] - dataValue = datafile.getValue(columnName, index): null

2023-10-30 21:42:06 - [TEST_STEP][PASSED] - copyToExcel.exel4(dataValue, index + startRowFormMinusOne, columnIndex, downloadedFormPath, downloadedFormSheetname): copyToExcel.exel4 is PASSED

2023-10-30 21:42:06 - [MESSAGE][PASSED] - copyToExcel.exel4 is PASSED

2023-10-30 21:42:06 - [TEST_STEP][PASSED] - columnName = key: null

2023-10-30 21:42:06 - [TEST_STEP][PASSED] - columnIndex = value: null

2023-10-30 21:42:06 - [TEST_STEP][PASSED] - dataValue = datafile.getValue(columnName, index): null

2023-10-30 21:42:06 - [TEST_STEP][PASSED] - copyToExcel.exel4(dataValue, index + startRowFormMinusOne, columnIndex, downloadedFormPath, downloadedFormSheetname): copyToExcel.exel4 is PASSED

2023-10-30 21:42:06 - [MESSAGE][PASSED] - copyToExcel.exel4 is PASSED

2023-10-30 21:42:06 - [TEST_STEP][PASSED] - columnName = key: null

2023-10-30 21:42:06 - [TEST_STEP][PASSED] - columnIndex = value: null

2023-10-30 21:42:06 - [TEST_STEP][PASSED] - dataValue = datafile.getValue(columnName, index): null

2023-10-30 21:42:06 - [TEST_STEP][PASSED] - copyToExcel.exel4(dataValue, index + startRowFormMinusOne, columnIndex, downloadedFormPath, downloadedFormSheetname): copyToExcel.exel4 is PASSED

2023-10-30 21:42:06 - [MESSAGE][PASSED] - copyToExcel.exel4 is PASSED

2023-10-30 21:42:06 - [TEST_STEP][PASSED] - columnName = key: null

2023-10-30 21:42:06 - [TEST_STEP][PASSED] - columnIndex = value: null

2023-10-30 21:42:06 - [TEST_STEP][PASSED] - dataValue = datafile.getValue(columnName, index): null

2023-10-30 21:42:06 - [TEST_STEP][PASSED] - copyToExcel.exel4(dataValue, index + startRowFormMinusOne, columnIndex, downloadedFormPath, downloadedFormSheetname): copyToExcel.exel4 is PASSED

2023-10-30 21:42:06 - [MESSAGE][PASSED] - copyToExcel.exel4 is PASSED

2023-10-30 21:42:06 - [TEST_STEP][PASSED] - for (def pair : fileColumns): copyToExcel.exel4 is PASSED

2023-10-30 21:42:06 - [TEST_STEP][PASSED] - columnName = key: null

2023-10-30 21:42:06 - [TEST_STEP][PASSED] - columnIndex = value: null

2023-10-30 21:42:06 - [TEST_STEP][PASSED] - dataValue = datafile.getValue(columnName, index): null

2023-10-30 21:42:06 - [TEST_STEP][PASSED] - copyToExcel.exel4(dataValue, index + startRowFormMinusOne, columnIndex, downloadedFormPath, downloadedFormSheetname): copyToExcel.exel4 is PASSED

2023-10-30 21:42:07 - [MESSAGE][PASSED] - copyToExcel.exel4 is PASSED

2023-10-30 21:42:07 - [TEST_STEP][PASSED] - columnName = key: null

2023-10-30 21:42:07 - [TEST_STEP][PASSED] - columnIndex = value: null

2023-10-30 21:42:07 - [TEST_STEP][PASSED] - dataValue = datafile.getValue(columnName, index): null

2023-10-30 21:42:07 - [TEST_STEP][PASSED] - copyToExcel.exel4(dataValue, index + startRowFormMinusOne, columnIndex, downloadedFormPath, downloadedFormSheetname): copyToExcel.exel4 is PASSED

2023-10-30 21:42:07 - [MESSAGE][PASSED] - copyToExcel.exel4 is PASSED

2023-10-30 21:42:07 - [TEST_STEP][PASSED] - columnName = key: null

2023-10-30 21:42:07 - [TEST_STEP][PASSED] - columnIndex = value: null

2023-10-30 21:42:07 - [TEST_STEP][PASSED] - dataValue = datafile.getValue(columnName, index): null

2023-10-30 21:42:07 - [TEST_STEP][PASSED] - copyToExcel.exel4(dataValue, index + startRowFormMinusOne, columnIndex, downloadedFormPath, downloadedFormSheetname): copyToExcel.exel4 is PASSED

2023-10-30 21:42:07 - [MESSAGE][PASSED] - copyToExcel.exel4 is PASSED

2023-10-30 21:42:07 - [TEST_STEP][PASSED] - columnName = key: null

2023-10-30 21:42:07 - [TEST_STEP][PASSED] - columnIndex = value: null

2023-10-30 21:42:07 - [TEST_STEP][PASSED] - dataValue = datafile.getValue(columnName, index): null

2023-10-30 21:42:07 - [TEST_STEP][PASSED] - copyToExcel.exel4(dataValue, index + startRowFormMinusOne, columnIndex, downloadedFormPath, downloadedFormSheetname): copyToExcel.exel4 is PASSED

2023-10-30 21:42:07 - [MESSAGE][PASSED] - copyToExcel.exel4 is PASSED

2023-10-30 21:42:07 - [TEST_STEP][PASSED] - columnName = key: null

2023-10-30 21:42:07 - [TEST_STEP][PASSED] - columnIndex = value: null

2023-10-30 21:42:07 - [TEST_STEP][PASSED] - dataValue = datafile.getValue(columnName, index): null

2023-10-30 21:42:07 - [TEST_STEP][PASSED] - copyToExcel.exel4(dataValue, index + startRowFormMinusOne, columnIndex, downloadedFormPath, downloadedFormSheetname): copyToExcel.exel4 is PASSED

2023-10-30 21:42:07 - [MESSAGE][PASSED] - copyToExcel.exel4 is PASSED

2023-10-30 21:42:07 - [TEST_STEP][PASSED] - columnName = key: null

2023-10-30 21:42:07 - [TEST_STEP][PASSED] - columnIndex = value: null

2023-10-30 21:42:07 - [TEST_STEP][PASSED] - dataValue = datafile.getValue(columnName, index): null

2023-10-30 21:42:07 - [TEST_STEP][PASSED] - copyToExcel.exel4(dataValue, index + startRowFormMinusOne, columnIndex, downloadedFormPath, downloadedFormSheetname): copyToExcel.exel4 is PASSED

2023-10-30 21:42:08 - [MESSAGE][PASSED] - copyToExcel.exel4 is PASSED

2023-10-30 21:42:08 - [TEST_STEP][PASSED] - columnName = key: null

2023-10-30 21:42:08 - [TEST_STEP][PASSED] - columnIndex = value: null

2023-10-30 21:42:08 - [TEST_STEP][PASSED] - dataValue = datafile.getValue(columnName, index): null

2023-10-30 21:42:08 - [TEST_STEP][PASSED] - copyToExcel.exel4(dataValue, index + startRowFormMinusOne, columnIndex, downloadedFormPath, downloadedFormSheetname): copyToExcel.exel4 is PASSED

2023-10-30 21:42:08 - [MESSAGE][PASSED] - copyToExcel.exel4 is PASSED

2023-10-30 21:42:08 - [TEST_STEP][PASSED] - columnName = key: null

2023-10-30 21:42:08 - [TEST_STEP][PASSED] - columnIndex = value: null

2023-10-30 21:42:08 - [TEST_STEP][PASSED] - dataValue = datafile.getValue(columnName, index): null

2023-10-30 21:42:08 - [TEST_STEP][PASSED] - copyToExcel.exel4(dataValue, index + startRowFormMinusOne, columnIndex, downloadedFormPath, downloadedFormSheetname): copyToExcel.exel4 is PASSED

2023-10-30 21:42:08 - [MESSAGE][PASSED] - copyToExcel.exel4 is PASSED

2023-10-30 21:42:08 - [TEST_STEP][PASSED] - columnName = key: null

2023-10-30 21:42:08 - [TEST_STEP][PASSED] - columnIndex = value: null

2023-10-30 21:42:08 - [TEST_STEP][PASSED] - dataValue = datafile.getValue(columnName, index): null

2023-10-30 21:42:08 - [TEST_STEP][PASSED] - copyToExcel.exel4(dataValue, index + startRowFormMinusOne, columnIndex, downloadedFormPath, downloadedFormSheetname): copyToExcel.exel4 is PASSED

2023-10-30 21:42:08 - [MESSAGE][PASSED] - copyToExcel.exel4 is PASSED

2023-10-30 21:42:08 - [TEST_STEP][PASSED] - columnName = key: null

2023-10-30 21:42:08 - [TEST_STEP][PASSED] - columnIndex = value: null

2023-10-30 21:42:08 - [TEST_STEP][PASSED] - dataValue = datafile.getValue(columnName, index): null

2023-10-30 21:42:08 - [TEST_STEP][PASSED] - copyToExcel.exel4(dataValue, index + startRowFormMinusOne, columnIndex, downloadedFormPath, downloadedFormSheetname): copyToExcel.exel4 is PASSED

2023-10-30 21:42:08 - [MESSAGE][PASSED] - copyToExcel.exel4 is PASSED

2023-10-30 21:42:08 - [TEST_STEP][PASSED] - columnName = key: null

2023-10-30 21:42:08 - [TEST_STEP][PASSED] - columnIndex = value: null

2023-10-30 21:42:08 - [TEST_STEP][PASSED] - dataValue = datafile.getValue(columnName, index): null

2023-10-30 21:42:08 - [TEST_STEP][PASSED] - copyToExcel.exel4(dataValue, index + startRowFormMinusOne, columnIndex, downloadedFormPath, downloadedFormSheetname): copyToExcel.exel4 is PASSED

2023-10-30 21:42:09 - [MESSAGE][PASSED] - copyToExcel.exel4 is PASSED

2023-10-30 21:42:09 - [TEST_STEP][PASSED] - columnName = key: null

2023-10-30 21:42:09 - [TEST_STEP][PASSED] - columnIndex = value: null

2023-10-30 21:42:09 - [TEST_STEP][PASSED] - dataValue = datafile.getValue(columnName, index): null

2023-10-30 21:42:09 - [TEST_STEP][PASSED] - copyToExcel.exel4(dataValue, index + startRowFormMinusOne, columnIndex, downloadedFormPath, downloadedFormSheetname): copyToExcel.exel4 is PASSED

2023-10-30 21:42:09 - [MESSAGE][PASSED] - copyToExcel.exel4 is PASSED

2023-10-30 21:42:09 - [TEST_STEP][PASSED] - columnName = key: null

2023-10-30 21:42:09 - [TEST_STEP][PASSED] - columnIndex = value: null

2023-10-30 21:42:09 - [TEST_STEP][PASSED] - dataValue = datafile.getValue(columnName, index): null

2023-10-30 21:42:09 - [TEST_STEP][PASSED] - copyToExcel.exel4(dataValue, index + startRowFormMinusOne, columnIndex, downloadedFormPath, downloadedFormSheetname): copyToExcel.exel4 is PASSED

2023-10-30 21:42:09 - [MESSAGE][PASSED] - copyToExcel.exel4 is PASSED

2023-10-30 21:42:09 - [TEST_STEP][PASSED] - columnName = key: null

2023-10-30 21:42:09 - [TEST_STEP][PASSED] - columnIndex = value: null

2023-10-30 21:42:09 - [TEST_STEP][PASSED] - dataValue = datafile.getValue(columnName, index): null

2023-10-30 21:42:09 - [TEST_STEP][PASSED] - copyToExcel.exel4(dataValue, index + startRowFormMinusOne, columnIndex, downloadedFormPath, downloadedFormSheetname): copyToExcel.exel4 is PASSED

2023-10-30 21:42:09 - [MESSAGE][PASSED] - copyToExcel.exel4 is PASSED

2023-10-30 21:42:09 - [TEST_STEP][PASSED] - columnName = key: null

2023-10-30 21:42:09 - [TEST_STEP][PASSED] - columnIndex = value: null

2023-10-30 21:42:09 - [TEST_STEP][PASSED] - dataValue = datafile.getValue(columnName, index): null

2023-10-30 21:42:09 - [TEST_STEP][PASSED] - copyToExcel.exel4(dataValue, index + startRowFormMinusOne, columnIndex, downloadedFormPath, downloadedFormSheetname): copyToExcel.exel4 is PASSED

2023-10-30 21:42:09 - [MESSAGE][PASSED] - copyToExcel.exel4 is PASSED

2023-10-30 21:42:09 - [TEST_STEP][PASSED] - columnName = key: null

2023-10-30 21:42:09 - [TEST_STEP][PASSED] - columnIndex = value: null

2023-10-30 21:42:09 - [TEST_STEP][PASSED] - dataValue = datafile.getValue(columnName, index): null

2023-10-30 21:42:09 - [TEST_STEP][PASSED] - copyToExcel.exel4(dataValue, index + startRowFormMinusOne, columnIndex, downloadedFormPath, downloadedFormSheetname): copyToExcel.exel4 is PASSED

2023-10-30 21:42:09 - [MESSAGE][PASSED] - copyToExcel.exel4 is PASSED

2023-10-30 21:42:10 - [TEST_STEP][PASSED] - for (def pair : fileColumns): copyToExcel.exel4 is PASSED

2023-10-30 21:42:10 - [TEST_STEP][PASSED] - columnName = key: null

2023-10-30 21:42:10 - [TEST_STEP][PASSED] - columnIndex = value: null

2023-10-30 21:42:10 - [TEST_STEP][PASSED] - dataValue = datafile.getValue(columnName, index): null

2023-10-30 21:42:10 - [TEST_STEP][PASSED] - copyToExcel.exel4(dataValue, index + startRowFormMinusOne, columnIndex, downloadedFormPath, downloadedFormSheetname): copyToExcel.exel4 is PASSED

2023-10-30 21:42:10 - [MESSAGE][PASSED] - copyToExcel.exel4 is PASSED

2023-10-30 21:42:10 - [TEST_STEP][PASSED] - columnName = key: null

2023-10-30 21:42:10 - [TEST_STEP][PASSED] - columnIndex = value: null

2023-10-30 21:42:10 - [TEST_STEP][PASSED] - dataValue = datafile.getValue(columnName, index): null

2023-10-30 21:42:10 - [TEST_STEP][PASSED] - copyToExcel.exel4(dataValue, index + startRowFormMinusOne, columnIndex, downloadedFormPath, downloadedFormSheetname): copyToExcel.exel4 is PASSED

2023-10-30 21:42:10 - [MESSAGE][PASSED] - copyToExcel.exel4 is PASSED

2023-10-30 21:42:10 - [TEST_STEP][PASSED] - columnName = key: null

2023-10-30 21:42:10 - [TEST_STEP][PASSED] - columnIndex = value: null

2023-10-30 21:42:10 - [TEST_STEP][PASSED] - dataValue = datafile.getValue(columnName, index): null

2023-10-30 21:42:10 - [TEST_STEP][PASSED] - copyToExcel.exel4(dataValue, index + startRowFormMinusOne, columnIndex, downloadedFormPath, downloadedFormSheetname): copyToExcel.exel4 is PASSED

2023-10-30 21:42:10 - [MESSAGE][PASSED] - copyToExcel.exel4 is PASSED

2023-10-30 21:42:10 - [TEST_STEP][PASSED] - columnName = key: null

2023-10-30 21:42:10 - [TEST_STEP][PASSED] - columnIndex = value: null

2023-10-30 21:42:10 - [TEST_STEP][PASSED] - dataValue = datafile.getValue(columnName, index): null

2023-10-30 21:42:10 - [TEST_STEP][PASSED] - copyToExcel.exel4(dataValue, index + startRowFormMinusOne, columnIndex, downloadedFormPath, downloadedFormSheetname): copyToExcel.exel4 is PASSED

2023-10-30 21:42:10 - [MESSAGE][PASSED] - copyToExcel.exel4 is PASSED

2023-10-30 21:42:10 - [TEST_STEP][PASSED] - columnName = key: null

2023-10-30 21:42:10 - [TEST_STEP][PASSED] - columnIndex = value: null

2023-10-30 21:42:10 - [TEST_STEP][PASSED] - dataValue = datafile.getValue(columnName, index): null

2023-10-30 21:42:10 - [TEST_STEP][PASSED] - copyToExcel.exel4(dataValue, index + startRowFormMinusOne, columnIndex, downloadedFormPath, downloadedFormSheetname): copyToExcel.exel4 is PASSED

2023-10-30 21:42:10 - [MESSAGE][PASSED] - copyToExcel.exel4 is PASSED

2023-10-30 21:42:10 - [TEST_STEP][PASSED] - columnName = key: null

2023-10-30 21:42:10 - [TEST_STEP][PASSED] - columnIndex = value: null

2023-10-30 21:42:10 - [TEST_STEP][PASSED] - dataValue = datafile.getValue(columnName, index): null

2023-10-30 21:42:10 - [TEST_STEP][PASSED] - copyToExcel.exel4(dataValue, index + startRowFormMinusOne, columnIndex, downloadedFormPath, downloadedFormSheetname): copyToExcel.exel4 is PASSED

2023-10-30 21:42:11 - [MESSAGE][PASSED] - copyToExcel.exel4 is PASSED

2023-10-30 21:42:11 - [TEST_STEP][PASSED] - columnName = key: null

2023-10-30 21:42:11 - [TEST_STEP][PASSED] - columnIndex = value: null

2023-10-30 21:42:11 - [TEST_STEP][PASSED] - dataValue = datafile.getValue(columnName, index): null

2023-10-30 21:42:11 - [TEST_STEP][PASSED] - copyToExcel.exel4(dataValue, index + startRowFormMinusOne, columnIndex, downloadedFormPath, downloadedFormSheetname): copyToExcel.exel4 is PASSED

2023-10-30 21:42:11 - [MESSAGE][PASSED] - copyToExcel.exel4 is PASSED

2023-10-30 21:42:11 - [TEST_STEP][PASSED] - columnName = key: null

2023-10-30 21:42:11 - [TEST_STEP][PASSED] - columnIndex = value: null

2023-10-30 21:42:11 - [TEST_STEP][PASSED] - dataValue = datafile.getValue(columnName, index): null

2023-10-30 21:42:11 - [TEST_STEP][PASSED] - copyToExcel.exel4(dataValue, index + startRowFormMinusOne, columnIndex, downloadedFormPath, downloadedFormSheetname): copyToExcel.exel4 is PASSED

2023-10-30 21:42:11 - [MESSAGE][PASSED] - copyToExcel.exel4 is PASSED

2023-10-30 21:42:11 - [TEST_STEP][PASSED] - columnName = key: null

2023-10-30 21:42:11 - [TEST_STEP][PASSED] - columnIndex = value: null

2023-10-30 21:42:11 - [TEST_STEP][PASSED] - dataValue = datafile.getValue(columnName, index): null

2023-10-30 21:42:11 - [TEST_STEP][PASSED] - copyToExcel.exel4(dataValue, index + startRowFormMinusOne, columnIndex, downloadedFormPath, downloadedFormSheetname): copyToExcel.exel4 is PASSED

2023-10-30 21:42:11 - [MESSAGE][PASSED] - copyToExcel.exel4 is PASSED

2023-10-30 21:42:11 - [TEST_STEP][PASSED] - columnName = key: null

2023-10-30 21:42:11 - [TEST_STEP][PASSED] - columnIndex = value: null

2023-10-30 21:42:11 - [TEST_STEP][PASSED] - dataValue = datafile.getValue(columnName, index): null

2023-10-30 21:42:11 - [TEST_STEP][PASSED] - copyToExcel.exel4(dataValue, index + startRowFormMinusOne, columnIndex, downloadedFormPath, downloadedFormSheetname): copyToExcel.exel4 is PASSED

2023-10-30 21:42:11 - [MESSAGE][PASSED] - copyToExcel.exel4 is PASSED

2023-10-30 21:42:11 - [TEST_STEP][PASSED] - columnName = key: null

2023-10-30 21:42:11 - [TEST_STEP][PASSED] - columnIndex = value: null

2023-10-30 21:42:11 - [TEST_STEP][PASSED] - dataValue = datafile.getValue(columnName, index): null

2023-10-30 21:42:11 - [TEST_STEP][PASSED] - copyToExcel.exel4(dataValue, index + startRowFormMinusOne, columnIndex, downloadedFormPath, downloadedFormSheetname): copyToExcel.exel4 is PASSED

2023-10-30 21:42:11 - [MESSAGE][PASSED] - copyToExcel.exel4 is PASSED

2023-10-30 21:42:11 - [TEST_STEP][PASSED] - columnName = key: null

2023-10-30 21:42:11 - [TEST_STEP][PASSED] - columnIndex = value: null

2023-10-30 21:42:11 - [TEST_STEP][PASSED] - dataValue = datafile.getValue(columnName, index): null

2023-10-30 21:42:11 - [TEST_STEP][PASSED] - copyToExcel.exel4(dataValue, index + startRowFormMinusOne, columnIndex, downloadedFormPath, downloadedFormSheetname): copyToExcel.exel4 is PASSED

2023-10-30 21:42:12 - [MESSAGE][PASSED] - copyToExcel.exel4 is PASSED

2023-10-30 21:42:12 - [TEST_STEP][PASSED] - columnName = key: null

2023-10-30 21:42:12 - [TEST_STEP][PASSED] - columnIndex = value: null

2023-10-30 21:42:12 - [TEST_STEP][PASSED] - dataValue = datafile.getValue(columnName, index): null

2023-10-30 21:42:12 - [TEST_STEP][PASSED] - copyToExcel.exel4(dataValue, index + startRowFormMinusOne, columnIndex, downloadedFormPath, downloadedFormSheetname): copyToExcel.exel4 is PASSED

2023-10-30 21:42:12 - [MESSAGE][PASSED] - copyToExcel.exel4 is PASSED

2023-10-30 21:42:12 - [TEST_STEP][PASSED] - columnName = key: null

2023-10-30 21:42:12 - [TEST_STEP][PASSED] - columnIndex = value: null

2023-10-30 21:42:12 - [TEST_STEP][PASSED] - dataValue = datafile.getValue(columnName, index): null

2023-10-30 21:42:12 - [TEST_STEP][PASSED] - copyToExcel.exel4(dataValue, index + startRowFormMinusOne, columnIndex, downloadedFormPath, downloadedFormSheetname): copyToExcel.exel4 is PASSED

2023-10-30 21:42:12 - [MESSAGE][PASSED] - copyToExcel.exel4 is PASSED

2023-10-30 21:42:12 - [TEST_STEP][PASSED] - columnName = key: null

2023-10-30 21:42:12 - [TEST_STEP][PASSED] - columnIndex = value: null

2023-10-30 21:42:12 - [TEST_STEP][PASSED] - dataValue = datafile.getValue(columnName, index): null

2023-10-30 21:42:12 - [TEST_STEP][PASSED] - copyToExcel.exel4(dataValue, index + startRowFormMinusOne, columnIndex, downloadedFormPath, downloadedFormSheetname): copyToExcel.exel4 is PASSED

2023-10-30 21:42:12 - [MESSAGE][PASSED] - copyToExcel.exel4 is PASSED

2023-10-30 21:42:12 - [TEST_STEP][PASSED] - columnName = key: null

2023-10-30 21:42:12 - [TEST_STEP][PASSED] - columnIndex = value: null

2023-10-30 21:42:12 - [TEST_STEP][PASSED] - dataValue = datafile.getValue(columnName, index): null

2023-10-30 21:42:12 - [TEST_STEP][PASSED] - copyToExcel.exel4(dataValue, index + startRowFormMinusOne, columnIndex, downloadedFormPath, downloadedFormSheetname): copyToExcel.exel4 is PASSED

2023-10-30 21:42:12 - [MESSAGE][PASSED] - copyToExcel.exel4 is PASSED

2023-10-30 21:42:12 - [TEST_STEP][PASSED] - println("Wait for writing to finish"): null

2023-10-30 21:42:12 - [MESSAGE][PASSED] - Call Test Case 'Test Cases/0-Common/Common-Scenario 17/S17_Cmn1-Write Info into Form Excel' successfully

2023-10-30 21:42:12 - [TEST_STEP][PASSED] - delay(5): Delayed 5 second(s)

2023-10-30 21:42:17 - [MESSAGE][PASSED] - Delayed 5 second(s)

2023-10-30 21:42:17 - [TEST_STEP][PASSED] - click(findTestObject("Scenario 13/S13_TC034/Page_Brivge/button_Upload Part")): Object: 'Object Repository/Scenario 13/S13_TC034/Page_Brivge/button_Upload Part' is clicked on

2023-10-30 21:42:18 - [MESSAGE][PASSED] - Object: 'Object Repository/Scenario 13/S13_TC034/Page_Brivge/button_Upload Part' is clicked on

2023-10-30 21:42:18 - [TEST_STEP][PASSED] - RobotUpload.uploadFile(findTestObject("Object Repository/Scenario 13/S13_TC034/Page_Brivge/li_Upload Part From"), downloadedExcel): RobotUpload.uploadFile is PASSED

2023-10-30 21:42:19 - [MESSAGE][PASSED] - Object: 'Object Repository/Scenario 13/S13_TC034/Page_Brivge/li_Upload Part From' is clicked on

2023-10-30 21:42:23 - [MESSAGE][PASSED] - RobotUpload.uploadFile is PASSED

2023-10-30 21:42:23 - [TEST_STEP][PASSED] - delay(2): Delayed 2 second(s)

2023-10-30 21:42:25 - [MESSAGE][PASSED] - Delayed 2 second(s)

2023-10-30 21:42:25 - [TEST_STEP][PASSED] - verifyElementPresent(findTestObject("Scenario 13/S13_TC034/Page_Brivge/div_The Operation was Successful"), 0): Object 'Object Repository/Scenario 13/S13_TC034/Page_Brivge/div_The Operation was Successful' is present

2023-10-30 21:42:25 - [MESSAGE][WARNING] - Timeout '0' is invalid. Using default page load timeout: '30'

2023-10-30 21:42:26 - [MESSAGE][PASSED] - Object 'Object Repository/Scenario 13/S13_TC034/Page_Brivge/div_The Operation was Successful' is present

2023-10-30 21:42:26 - [TEST_STEP][PASSED] - click(findTestObject("Scenario 13/S13_TC034/Page_Brivge/button_Save")): Object: 'Object Repository/Scenario 13/S13_TC034/Page_Brivge/button_Save' is clicked on

2023-10-30 21:42:27 - [MESSAGE][PASSED] - Object: 'Object Repository/Scenario 13/S13_TC034/Page_Brivge/button_Save' is clicked on

2023-10-30 21:42:27 - [TEST_STEP][PASSED] - delay(1): Delayed 1 second(s)

2023-10-30 21:42:28 - [MESSAGE][PASSED] - Delayed 1 second(s)

2023-10-30 21:42:28 - [TEST_STEP][PASSED] - click(findTestObject("Scenario 13/S13_TC034/Page_Brivge/button_Submit")): Object: 'Object Repository/Scenario 13/S13_TC034/Page_Brivge/button_Submit' is clicked on

2023-10-30 21:42:30 - [MESSAGE][PASSED] - Object: 'Object Repository/Scenario 13/S13_TC034/Page_Brivge/button_Submit' is clicked on

2023-10-30 21:42:30 - [TEST_STEP][PASSED] - delay(1): Delayed 1 second(s)

2023-10-30 21:42:31 - [MESSAGE][PASSED] - Delayed 1 second(s)

2023-10-30 21:42:31 - [TEST_STEP][PASSED] - click(findTestObject("Scenario 13/S13_TC034/Page_Brivge/button_Confirm")): Object: 'Object Repository/Scenario 13/S13_TC034/Page_Brivge/button_Confirm' is clicked on

2023-10-30 21:42:32 - [MESSAGE][PASSED] - Object: 'Object Repository/Scenario 13/S13_TC034/Page_Brivge/button_Confirm' is clicked on

2023-10-30 21:42:32 - [TEST_STEP][PASSED] - delay(1): Delayed 1 second(s)

2023-10-30 21:42:33 - [MESSAGE][PASSED] - Delayed 1 second(s)

2023-10-30 21:42:33 - [TEST_STEP][PASSED] - verifyElementPresent(findTestObject("Scenario 13/S13_TC034/Page_Brivge/div_Submit_The Operation was Succesful"), 0): Object 'Object Repository/Scenario 13/S13_TC034/Page_Brivge/div_Submit_The Operation was Succesful' is present

2023-10-30 21:42:33 - [MESSAGE][WARNING] - Timeout '0' is invalid. Using default page load timeout: '30'

2023-10-30 21:42:36 - [MESSAGE][PASSED] - Object 'Object Repository/Scenario 13/S13_TC034/Page_Brivge/div_Submit_The Operation was Succesful' is present

2023-10-30 21:42:36 - [TEST_STEP][PASSED] - closeBrowser(): Browser is closed

2023-10-30 21:42:37 - [MESSAGE][PASSED] - Browser is closed

2023-10-30 21:42:37 - [TEST_STEP][PASSED] - Start listener action : afterTestCase: null

2023-10-30 21:42:37 - [TEST_STEP][PASSED] - if (testCaseStatus == "FAILED" && RETRY_COUNTER < MAX_RETRIES): null

2023-10-30 21:42:37 - [TEST_STEP][PASSED] - else: null

2023-10-30 21:42:37 - [TEST_STEP][PASSED] - SKIP_REMAINING_TESTS = true: null]]></system-out>
         <system-err><![CDATA[]]></system-err>
      </testcase>
      <testcase name="Test Cases/Scenario 17/S17_TC001.1- Supplier Create Payment Terms List" time="90.836" classname="Test Cases/Scenario 17/S17_TC001.1- Supplier Create Payment Terms List" status="PASSED">
         <system-out><![CDATA[2023-10-30 21:42:37 - [TEST_CASE][PASSED] - Test Cases/Scenario 17/S17_TC001.1- Supplier Create Payment Terms List: Test Cases/Scenario 17/S17_TC001.1- Supplier Create Payment Terms List

2023-10-30 21:42:37 - [TEST_STEP][PASSED] - Start listener action : beforeTestCase: null

2023-10-30 21:42:37 - [TEST_STEP][PASSED] - if (RETRY_COUNTER < MAX_RETRIES): null

2023-10-30 21:42:37 - [TEST_STEP][PASSED] - SKIP_REMAINING_TESTS = false: null

2023-10-30 21:42:38 - [TEST_STEP][PASSED] - callTestCase(findTestCase("0-Common/Login to Brivge"), ["url":BRIVGE_URL, "username":BAF_USERNAME_FATIN, "password":BAF_PWD, "verificationCode":VERIFICATION_CODE, "company":S9_BAF_SUP], STOP_ON_FAILURE): Call Test Case 'Test Cases/0-Common/Login to Brivge' successfully

2023-10-30 21:42:38 - [TEST_CASE][PASSED] - Test Cases/0-Common/Login to Brivge: Test Cases/0-Common/Login to Brivge

2023-10-30 21:42:38 - [TEST_STEP][PASSED] - openBrowser(""): Browser is opened with url: ''

2023-10-30 21:42:38 - [MESSAGE][INFO] - Starting 'Chrome' driver

2023-10-30 21:42:38 - [MESSAGE][INFO] - User set preference: ['prefs', '{download.default_directory=C:\Katalon_Downloads}']

2023-10-30 21:42:38 - [MESSAGE][INFO] - Action delay is set to 0 milliseconds

2023-10-30 21:42:42 - [MESSAGE][PASSED] - Browser is opened with url: ''

2023-10-30 21:42:42 - [TEST_STEP][PASSED] - maximizeWindow(): Current window maximized

2023-10-30 21:42:42 - [MESSAGE][PASSED] - Current window maximized

2023-10-30 21:42:42 - [TEST_STEP][PASSED] - navigateToUrl(url): Navigate to 'https://st.brivge.com/' successfully

2023-10-30 21:43:21 - [MESSAGE][PASSED] - Navigate to 'https://st.brivge.com/' successfully

2023-10-30 21:43:21 - [TEST_STEP][PASSED] - setText(findTestObject("LoginPage_Brivge/input_Sign In_username"), username): Text 'nurfatin-baf' is set on object 'Object Repository/LoginPage_Brivge/input_Sign In_username'

2023-10-30 21:43:22 - [MESSAGE][PASSED] - Text 'nurfatin-baf' is set on object 'Object Repository/LoginPage_Brivge/input_Sign In_username'

2023-10-30 21:43:22 - [TEST_STEP][PASSED] - setEncryptedText(findTestObject("LoginPage_Brivge/input_Sign In_password"), password): Text ****** has been set on object 'Object Repository/LoginPage_Brivge/input_Sign In_password'

2023-10-30 21:43:23 - [MESSAGE][PASSED] - Text ****** has been set on object 'Object Repository/LoginPage_Brivge/input_Sign In_password'

2023-10-30 21:43:23 - [TEST_STEP][PASSED] - click(findTestObject("LoginPage_Brivge/button_Sign In")): Object: 'Object Repository/LoginPage_Brivge/button_Sign In' is clicked on

2023-10-30 21:43:24 - [MESSAGE][PASSED] - Object: 'Object Repository/LoginPage_Brivge/button_Sign In' is clicked on

2023-10-30 21:43:24 - [TEST_STEP][PASSED] - setEncryptedText(findTestObject("LoginPage_Brivge/input_Verify_verificationCode"), verificationCode): Text ****** has been set on object 'Object Repository/LoginPage_Brivge/input_Verify_verificationCode'

2023-10-30 21:43:24 - [MESSAGE][PASSED] - Text ****** has been set on object 'Object Repository/LoginPage_Brivge/input_Verify_verificationCode'

2023-10-30 21:43:24 - [TEST_STEP][PASSED] - click(findTestObject("LoginPage_Brivge/button_Verify")): Object: 'Object Repository/LoginPage_Brivge/button_Verify' is clicked on

2023-10-30 21:43:25 - [MESSAGE][PASSED] - Object: 'Object Repository/LoginPage_Brivge/button_Verify' is clicked on

2023-10-30 21:43:25 - [TEST_STEP][PASSED] - verifyElementPresent(findTestObject("Navbar_Brivge/p_UserLogin_Username", ["username":username]), 0): Object 'Object Repository/Navbar_Brivge/p_UserLogin_Username' is present

2023-10-30 21:43:26 - [MESSAGE][WARNING] - Timeout '0' is invalid. Using default page load timeout: '30'

2023-10-30 21:43:32 - [MESSAGE][PASSED] - Object 'Object Repository/Navbar_Brivge/p_UserLogin_Username' is present

2023-10-30 21:43:32 - [TEST_STEP][PASSED] - click(findTestObject("Navbar_Brivge/UserProfile_Brivge/button_UserProfile")): Object: 'Object Repository/Navbar_Brivge/UserProfile_Brivge/button_UserProfile' is clicked on

2023-10-30 21:43:33 - [MESSAGE][PASSED] - Object: 'Object Repository/Navbar_Brivge/UserProfile_Brivge/button_UserProfile' is clicked on

2023-10-30 21:43:33 - [TEST_STEP][PASSED] - click(findTestObject("Navbar_Brivge/UserProfile_Brivge/button_CompanyOptions")): Object: 'Object Repository/Navbar_Brivge/UserProfile_Brivge/button_CompanyOptions' is clicked on

2023-10-30 21:43:33 - [MESSAGE][PASSED] - Object: 'Object Repository/Navbar_Brivge/UserProfile_Brivge/button_CompanyOptions' is clicked on

2023-10-30 21:43:33 - [TEST_STEP][PASSED] - click(findTestObject("Navbar_Brivge/UserProfile_Brivge/li_Company", ["company":company])): Object: 'Object Repository/Navbar_Brivge/UserProfile_Brivge/li_Company' is clicked on

2023-10-30 21:43:35 - [MESSAGE][PASSED] - Object: 'Object Repository/Navbar_Brivge/UserProfile_Brivge/li_Company' is clicked on

2023-10-30 21:43:35 - [TEST_STEP][PASSED] - waitForPageLoad(0): Wait for page load successfully

2023-10-30 21:43:35 - [MESSAGE][WARNING] - Timeout '0' is invalid. Using default page load timeout: '30'

2023-10-30 21:43:35 - [MESSAGE][PASSED] - Wait for page load successfully

2023-10-30 21:43:35 - [MESSAGE][PASSED] - Call Test Case 'Test Cases/0-Common/Login to Brivge' successfully

2023-10-30 21:43:35 - [TEST_STEP][PASSED] - click(findTestObject("Scenario 13/S13_TC032/Page_Brivge/button_Master")): Object: 'Object Repository/Scenario 13/S13_TC032/Page_Brivge/button_Master' is clicked on

2023-10-30 21:43:36 - [MESSAGE][PASSED] - Object: 'Object Repository/Scenario 13/S13_TC032/Page_Brivge/button_Master' is clicked on

2023-10-30 21:43:36 - [TEST_STEP][PASSED] - click(findTestObject("Scenario 13/S13_TC032/Page_Brivge/li_Payment Terms List")): Object: 'Object Repository/Scenario 13/S13_TC032/Page_Brivge/li_Payment Terms List' is clicked on

2023-10-30 21:43:38 - [MESSAGE][PASSED] - Object: 'Object Repository/Scenario 13/S13_TC032/Page_Brivge/li_Payment Terms List' is clicked on

2023-10-30 21:43:38 - [TEST_STEP][PASSED] - click(findTestObject("Scenario 9/SC9_TC001.1/button_Download")): Object: 'Object Repository/Scenario 9/SC9_TC001.1/button_Download' is clicked on

2023-10-30 21:43:39 - [MESSAGE][PASSED] - Object: 'Object Repository/Scenario 9/SC9_TC001.1/button_Download' is clicked on

2023-10-30 21:43:39 - [TEST_STEP][PASSED] - click(findTestObject("Scenario 9/SC9_TC001.1/li_Download")): Object: 'Object Repository/Scenario 9/SC9_TC001.1/li_Download' is clicked on

2023-10-30 21:43:40 - [MESSAGE][PASSED] - Object: 'Object Repository/Scenario 9/SC9_TC001.1/li_Download' is clicked on

2023-10-30 21:43:40 - [TEST_STEP][PASSED] - delay(2): Delayed 2 second(s)

2023-10-30 21:43:42 - [MESSAGE][PASSED] - Delayed 2 second(s)

2023-10-30 21:43:42 - [TEST_STEP][PASSED] - downloadedExcel = ManageFiles.getLatestFileFromDirectory("excel"): ManageFiles.getLatestFileFromDirectory is PASSED

2023-10-30 21:43:42 - [MESSAGE][INFO] - Latest Excel File In Directory: C:\Katalon_Downloads\Payment Terms.20231030214341.xlsx

2023-10-30 21:43:42 - [MESSAGE][PASSED] - ManageFiles.getLatestFileFromDirectory is PASSED

2023-10-30 21:43:42 - [TEST_STEP][PASSED] - callTestCase(findTestCase("0-Common/Common-Scenario 17/S17_Cmn1-Write Info into Form Excel"), ["datafile":datafile, "fileColumns":fileColumns, "startRowFormMinusOne":startRowFormMinusOne, "downloadedFormPath":downloadedExcel, ... ], STOP_ON_FAILURE): Call Test Case 'Test Cases/0-Common/Common-Scenario 17/S17_Cmn1-Write Info into Form Excel' successfully

2023-10-30 21:43:42 - [TEST_CASE][PASSED] - Test Cases/0-Common/Common-Scenario 17/S17_Cmn1-Write Info into Form Excel: Test Cases/0-Common/Common-Scenario 17/S17_Cmn1-Write Info into Form Excel

2023-10-30 21:43:42 - [TEST_STEP][PASSED] - for (def index : (1..datafile.getRowNumbers())): copyToExcel.exel4 is PASSED

2023-10-30 21:43:42 - [TEST_STEP][PASSED] - for (def pair : fileColumns): copyToExcel.exel4 is PASSED

2023-10-30 21:43:42 - [TEST_STEP][PASSED] - columnName = key: null

2023-10-30 21:43:42 - [TEST_STEP][PASSED] - columnIndex = value: null

2023-10-30 21:43:42 - [TEST_STEP][PASSED] - dataValue = datafile.getValue(columnName, index): null

2023-10-30 21:43:42 - [TEST_STEP][PASSED] - copyToExcel.exel4(dataValue, index + startRowFormMinusOne, columnIndex, downloadedFormPath, downloadedFormSheetname): copyToExcel.exel4 is PASSED

2023-10-30 21:43:43 - [MESSAGE][PASSED] - copyToExcel.exel4 is PASSED

2023-10-30 21:43:43 - [TEST_STEP][PASSED] - columnName = key: null

2023-10-30 21:43:43 - [TEST_STEP][PASSED] - columnIndex = value: null

2023-10-30 21:43:43 - [TEST_STEP][PASSED] - dataValue = datafile.getValue(columnName, index): null

2023-10-30 21:43:43 - [TEST_STEP][PASSED] - copyToExcel.exel4(dataValue, index + startRowFormMinusOne, columnIndex, downloadedFormPath, downloadedFormSheetname): copyToExcel.exel4 is PASSED

2023-10-30 21:43:43 - [MESSAGE][PASSED] - copyToExcel.exel4 is PASSED

2023-10-30 21:43:43 - [TEST_STEP][PASSED] - columnName = key: null

2023-10-30 21:43:43 - [TEST_STEP][PASSED] - columnIndex = value: null

2023-10-30 21:43:43 - [TEST_STEP][PASSED] - dataValue = datafile.getValue(columnName, index): null

2023-10-30 21:43:43 - [TEST_STEP][PASSED] - copyToExcel.exel4(dataValue, index + startRowFormMinusOne, columnIndex, downloadedFormPath, downloadedFormSheetname): copyToExcel.exel4 is PASSED

2023-10-30 21:43:43 - [MESSAGE][PASSED] - copyToExcel.exel4 is PASSED

2023-10-30 21:43:43 - [TEST_STEP][PASSED] - columnName = key: null

2023-10-30 21:43:43 - [TEST_STEP][PASSED] - columnIndex = value: null

2023-10-30 21:43:43 - [TEST_STEP][PASSED] - dataValue = datafile.getValue(columnName, index): null

2023-10-30 21:43:43 - [TEST_STEP][PASSED] - copyToExcel.exel4(dataValue, index + startRowFormMinusOne, columnIndex, downloadedFormPath, downloadedFormSheetname): copyToExcel.exel4 is PASSED

2023-10-30 21:43:44 - [MESSAGE][PASSED] - copyToExcel.exel4 is PASSED

2023-10-30 21:43:44 - [TEST_STEP][PASSED] - columnName = key: null

2023-10-30 21:43:44 - [TEST_STEP][PASSED] - columnIndex = value: null

2023-10-30 21:43:44 - [TEST_STEP][PASSED] - dataValue = datafile.getValue(columnName, index): null

2023-10-30 21:43:44 - [TEST_STEP][PASSED] - copyToExcel.exel4(dataValue, index + startRowFormMinusOne, columnIndex, downloadedFormPath, downloadedFormSheetname): copyToExcel.exel4 is PASSED

2023-10-30 21:43:44 - [MESSAGE][PASSED] - copyToExcel.exel4 is PASSED

2023-10-30 21:43:44 - [TEST_STEP][PASSED] - columnName = key: null

2023-10-30 21:43:44 - [TEST_STEP][PASSED] - columnIndex = value: null

2023-10-30 21:43:44 - [TEST_STEP][PASSED] - dataValue = datafile.getValue(columnName, index): null

2023-10-30 21:43:44 - [TEST_STEP][PASSED] - copyToExcel.exel4(dataValue, index + startRowFormMinusOne, columnIndex, downloadedFormPath, downloadedFormSheetname): copyToExcel.exel4 is PASSED

2023-10-30 21:43:44 - [MESSAGE][PASSED] - copyToExcel.exel4 is PASSED

2023-10-30 21:43:44 - [TEST_STEP][PASSED] - columnName = key: null

2023-10-30 21:43:44 - [TEST_STEP][PASSED] - columnIndex = value: null

2023-10-30 21:43:44 - [TEST_STEP][PASSED] - dataValue = datafile.getValue(columnName, index): null

2023-10-30 21:43:44 - [TEST_STEP][PASSED] - copyToExcel.exel4(dataValue, index + startRowFormMinusOne, columnIndex, downloadedFormPath, downloadedFormSheetname): copyToExcel.exel4 is PASSED

2023-10-30 21:43:44 - [MESSAGE][PASSED] - copyToExcel.exel4 is PASSED

2023-10-30 21:43:44 - [TEST_STEP][PASSED] - println("Wait for writing to finish"): null

2023-10-30 21:43:44 - [MESSAGE][PASSED] - Call Test Case 'Test Cases/0-Common/Common-Scenario 17/S17_Cmn1-Write Info into Form Excel' successfully

2023-10-30 21:43:44 - [TEST_STEP][PASSED] - click(findTestObject("Scenario 13/S13_TC032/Page_Brivge/button_Upload")): Object: 'Object Repository/Scenario 13/S13_TC032/Page_Brivge/button_Upload' is clicked on

2023-10-30 21:43:45 - [MESSAGE][PASSED] - Object: 'Object Repository/Scenario 13/S13_TC032/Page_Brivge/button_Upload' is clicked on

2023-10-30 21:43:45 - [TEST_STEP][PASSED] - RobotUpload.uploadFile(findTestObject("Scenario 9/SC9_TC001.1/li_Upload"), downloadedExcel): RobotUpload.uploadFile is PASSED

2023-10-30 21:43:45 - [MESSAGE][PASSED] - Object: 'Object Repository/Scenario 9/SC9_TC001.1/li_Upload' is clicked on

2023-10-30 21:43:48 - [MESSAGE][PASSED] - RobotUpload.uploadFile is PASSED

2023-10-30 21:43:48 - [TEST_STEP][PASSED] - delay(2): Delayed 2 second(s)

2023-10-30 21:43:50 - [MESSAGE][PASSED] - Delayed 2 second(s)

2023-10-30 21:43:50 - [TEST_STEP][PASSED] - verifyElementPresent(findTestObject("Scenario 12/SC12_TC006.1/div_Upload Paymenterms Master.The operation was successful"), 0): Object 'Object Repository/Scenario 12/SC12_TC006.1/div_Upload Paymenterms Master.The operation was successful' is present

2023-10-30 21:43:51 - [MESSAGE][WARNING] - Timeout '0' is invalid. Using default page load timeout: '30'

2023-10-30 21:44:07 - [MESSAGE][PASSED] - Object 'Object Repository/Scenario 12/SC12_TC006.1/div_Upload Paymenterms Master.The operation was successful' is present

2023-10-30 21:44:07 - [TEST_STEP][PASSED] - closeBrowser(): Browser is closed

2023-10-30 21:44:08 - [MESSAGE][PASSED] - Browser is closed

2023-10-30 21:44:08 - [TEST_STEP][PASSED] - Start listener action : afterTestCase: null

2023-10-30 21:44:08 - [TEST_STEP][PASSED] - if (testCaseStatus == "FAILED" && RETRY_COUNTER < MAX_RETRIES): null

2023-10-30 21:44:08 - [TEST_STEP][PASSED] - else: null

2023-10-30 21:44:08 - [TEST_STEP][PASSED] - SKIP_REMAINING_TESTS = true: null]]></system-out>
         <system-err><![CDATA[]]></system-err>
      </testcase>
      <testcase name="Test Cases/Scenario 17/S17_TC001.2- Supplier Create Shipping Route" time="6.537" classname="Test Cases/Scenario 17/S17_TC001.2- Supplier Create Shipping Route" status="SKIPPED">
         <system-out><![CDATA[2023-10-30 21:47:30 - [TEST_CASE][SKIPPED] - Test Cases/Scenario 17/S17_TC001.2- Supplier Create Shipping Route: 

2023-10-30 21:47:36 - [TEST_STEP][PASSED] - Start listener action : beforeTestCase: null

2023-10-30 21:47:36 - [TEST_STEP][PASSED] - if (RETRY_COUNTER < MAX_RETRIES): null

2023-10-30 21:47:36 - [TEST_STEP][PASSED] - else: null

2023-10-30 21:47:36 - [TEST_STEP][PASSED] - testCaseContext.skipThisTestCase(): null

2023-10-30 21:47:36 - [TEST_STEP][PASSED] - Start listener action : afterTestCase: null

2023-10-30 21:47:36 - [TEST_STEP][PASSED] - if (testCaseStatus == "FAILED" && RETRY_COUNTER < MAX_RETRIES): null

2023-10-30 21:47:36 - [TEST_STEP][PASSED] - else: null

2023-10-30 21:47:36 - [TEST_STEP][PASSED] - SKIP_REMAINING_TESTS = true: null]]></system-out>
         <system-err><![CDATA[]]></system-err>
      </testcase>
      <testcase name="Test Cases/Scenario 17/S17_TC002- Supplier Receive Request List" time="7.641" classname="Test Cases/Scenario 17/S17_TC002- Supplier Receive Request List" status="SKIPPED">
         <system-out><![CDATA[2023-10-30 21:47:36 - [TEST_CASE][SKIPPED] - Test Cases/Scenario 17/S17_TC002- Supplier Receive Request List: 

2023-10-30 21:47:44 - [TEST_STEP][PASSED] - Start listener action : beforeTestCase: null

2023-10-30 21:47:44 - [TEST_STEP][PASSED] - if (RETRY_COUNTER < MAX_RETRIES): null

2023-10-30 21:47:44 - [TEST_STEP][PASSED] - else: null

2023-10-30 21:47:44 - [TEST_STEP][PASSED] - testCaseContext.skipThisTestCase(): null

2023-10-30 21:47:44 - [TEST_STEP][PASSED] - Start listener action : afterTestCase: null

2023-10-30 21:47:44 - [TEST_STEP][PASSED] - if (testCaseStatus == "FAILED" && RETRY_COUNTER < MAX_RETRIES): null

2023-10-30 21:47:44 - [TEST_STEP][PASSED] - else: null

2023-10-30 21:47:44 - [TEST_STEP][PASSED] - SKIP_REMAINING_TESTS = true: null]]></system-out>
         <system-err><![CDATA[]]></system-err>
      </testcase>
      <system-out><![CDATA[2023-10-30 21:40:32 - [TEST_SUITE][FAILED] - S17_TC001-TC002: Test Cases/Scenario 17/S17_TC001.2- Supplier Create Shipping Route FAILED.
Reason:
com.kms.katalon.core.exception.StepFailedException: Verify element text of test object 'Object Repository/Scenario 13/S13_TC033_Shipping_Route/p_The operation was successful' FAILED.
	at com.kms.katalon.core.webui.keyword.internal.WebUIKeywordMain.stepFailed(WebUIKeywordMain.groovy:64)
	at com.kms.katalon.core.webui.keyword.internal.WebUIKeywordMain.runKeyword(WebUIKeywordMain.groovy:26)
	at com.kms.katalon.core.webui.keyword.builtin.VerifyElementTextKeyword.verifyElementText(VerifyElementTextKeyword.groovy:72)
	at com.kms.katalon.core.webui.keyword.builtin.VerifyElementTextKeyword.execute(VerifyElementTextKeyword.groovy:40)
	at com.kms.katalon.core.keyword.internal.KeywordExecutor.executeKeywordForPlatform(KeywordExecutor.groovy:74)
	at com.kms.katalon.core.webui.keyword.WebUiBuiltInKeywords.verifyElementText(WebUiBuiltInKeywords.groovy:4749)
	at com.kms.katalon.core.webui.keyword.WebUiBuiltInKeywords$verifyElementText$10.call(Unknown Source)
	at S17_TC001.2- Supplier Create Shipping Route.run(S17_TC001.2- Supplier Create Shipping Route:149)
	at com.kms.katalon.core.main.ScriptEngine.run(ScriptEngine.java:194)
	at com.kms.katalon.core.main.ScriptEngine.runScriptAsRawText(ScriptEngine.java:119)
	at com.kms.katalon.core.main.TestCaseExecutor.runScript(TestCaseExecutor.java:448)
	at com.kms.katalon.core.main.TestCaseExecutor.doExecute(TestCaseExecutor.java:439)
	at com.kms.katalon.core.main.TestCaseExecutor.processExecutionPhase(TestCaseExecutor.java:418)
	at com.kms.katalon.core.main.TestCaseExecutor.accessMainPhase(TestCaseExecutor.java:410)
	at com.kms.katalon.core.main.TestCaseExecutor.execute(TestCaseExecutor.java:285)
	at com.kms.katalon.core.common.CommonExecutor.accessTestCaseMainPhase(CommonExecutor.java:65)
	at com.kms.katalon.core.main.TestSuiteExecutor.accessTestSuiteMainPhase(TestSuiteExecutor.java:148)
	at com.kms.katalon.core.main.TestSuiteExecutor.execute(TestSuiteExecutor.java:106)
	at com.kms.katalon.core.main.TestCaseMain.startTestSuite(TestCaseMain.java:187)
	at com.kms.katalon.core.main.TestCaseMain$startTestSuite$0.call(Unknown Source)
	at TempTestSuite1698673213756.run(TempTestSuite1698673213756.groovy:36)
Caused by: com.kms.katalon.core.exception.StepFailedException: Actual text 'Shipping Route already exists in system.(w0024)' and expected text 'The operation was successful.' of test object 'Object Repository/Scenario 13/S13_TC033_Shipping_Route/p_The operation was successful' are NOT matched.
	at com.kms.katalon.core.webui.keyword.internal.WebUIKeywordMain.stepFailed(WebUIKeywordMain.groovy:64)
	at com.kms.katalon.core.webui.keyword.builtin.VerifyElementTextKeyword$_verifyElementText_closure1.doCall(VerifyElementTextKeyword.groovy:57)
	at com.kms.katalon.core.webui.keyword.builtin.VerifyElementTextKeyword$_verifyElementText_closure1.call(VerifyElementTextKeyword.groovy)
	at com.kms.katalon.core.webui.keyword.internal.WebUIKeywordMain.runKeyword(WebUIKeywordMain.groovy:20)
	... 19 more]]></system-out>
      <system-err><![CDATA[2023-10-30 21:40:32 - [TEST_SUITE][FAILED] - S17_TC001-TC002: Test Cases/Scenario 17/S17_TC001.2- Supplier Create Shipping Route FAILED.
Reason:
com.kms.katalon.core.exception.StepFailedException: Verify element text of test object 'Object Repository/Scenario 13/S13_TC033_Shipping_Route/p_The operation was successful' FAILED.
	at com.kms.katalon.core.webui.keyword.internal.WebUIKeywordMain.stepFailed(WebUIKeywordMain.groovy:64)
	at com.kms.katalon.core.webui.keyword.internal.WebUIKeywordMain.runKeyword(WebUIKeywordMain.groovy:26)
	at com.kms.katalon.core.webui.keyword.builtin.VerifyElementTextKeyword.verifyElementText(VerifyElementTextKeyword.groovy:72)
	at com.kms.katalon.core.webui.keyword.builtin.VerifyElementTextKeyword.execute(VerifyElementTextKeyword.groovy:40)
	at com.kms.katalon.core.keyword.internal.KeywordExecutor.executeKeywordForPlatform(KeywordExecutor.groovy:74)
	at com.kms.katalon.core.webui.keyword.WebUiBuiltInKeywords.verifyElementText(WebUiBuiltInKeywords.groovy:4749)
	at com.kms.katalon.core.webui.keyword.WebUiBuiltInKeywords$verifyElementText$10.call(Unknown Source)
	at S17_TC001.2- Supplier Create Shipping Route.run(S17_TC001.2- Supplier Create Shipping Route:149)
	at com.kms.katalon.core.main.ScriptEngine.run(ScriptEngine.java:194)
	at com.kms.katalon.core.main.ScriptEngine.runScriptAsRawText(ScriptEngine.java:119)
	at com.kms.katalon.core.main.TestCaseExecutor.runScript(TestCaseExecutor.java:448)
	at com.kms.katalon.core.main.TestCaseExecutor.doExecute(TestCaseExecutor.java:439)
	at com.kms.katalon.core.main.TestCaseExecutor.processExecutionPhase(TestCaseExecutor.java:418)
	at com.kms.katalon.core.main.TestCaseExecutor.accessMainPhase(TestCaseExecutor.java:410)
	at com.kms.katalon.core.main.TestCaseExecutor.execute(TestCaseExecutor.java:285)
	at com.kms.katalon.core.common.CommonExecutor.accessTestCaseMainPhase(CommonExecutor.java:65)
	at com.kms.katalon.core.main.TestSuiteExecutor.accessTestSuiteMainPhase(TestSuiteExecutor.java:148)
	at com.kms.katalon.core.main.TestSuiteExecutor.execute(TestSuiteExecutor.java:106)
	at com.kms.katalon.core.main.TestCaseMain.startTestSuite(TestCaseMain.java:187)
	at com.kms.katalon.core.main.TestCaseMain$startTestSuite$0.call(Unknown Source)
	at TempTestSuite1698673213756.run(TempTestSuite1698673213756.groovy:36)
Caused by: com.kms.katalon.core.exception.StepFailedException: Actual text 'Shipping Route already exists in system.(w0024)' and expected text 'The operation was successful.' of test object 'Object Repository/Scenario 13/S13_TC033_Shipping_Route/p_The operation was successful' are NOT matched.
	at com.kms.katalon.core.webui.keyword.internal.WebUIKeywordMain.stepFailed(WebUIKeywordMain.groovy:64)
	at com.kms.katalon.core.webui.keyword.builtin.VerifyElementTextKeyword$_verifyElementText_closure1.doCall(VerifyElementTextKeyword.groovy:57)
	at com.kms.katalon.core.webui.keyword.builtin.VerifyElementTextKeyword$_verifyElementText_closure1.call(VerifyElementTextKeyword.groovy)
	at com.kms.katalon.core.webui.keyword.internal.WebUIKeywordMain.runKeyword(WebUIKeywordMain.groovy:20)
	... 19 more]]></system-err>
   </testsuite>
</testsuites>
